{"name": "test_Credkart_login_excel_ddt_004", "status": "broken", "statusDetails": {"message": "selenium.common.exceptions.NoSuchElementException: Message: no such element: Unable to locate element: {\"method\":\"css selector\",\"selector\":\"[id=\"email\"]\"}\n  (Session info: chrome=144.0.7559.97); For documentation on this error, please visit: https://www.selenium.dev/documentation/webdriver/troubleshooting/errors#nosuchelementexception\nStacktrace:\nSymbols not available. Dumping unresolved backtrace:\n\t0x7ff781b9a545\n\t0x7ff781b9a5a0\n\t0x7ff781940fed\n\t0x7ff78199c6d2\n\t0x7ff78199c9dc\n\t0x7ff7819ed5b7\n\t0x7ff7819ea10c\n\t0x7ff78198cedc\n\t0x7ff78198de23\n\t0x7ff781e78bb0\n\t0x7ff781e72fbd\n\t0x7ff781e9420a\n\t0x7ff781bb6e15\n\t0x7ff781bbf4dc\n\t0x7ff781ba3e54\n\t0x7ff781ba4006\n\t0x7ff781b89e27\n\t0x7ff85b90e8d7\n\t0x7ff85ceac53c", "trace": "self = <testCases.test_Credkart_Login_Excel_002.Test_User_Profile object at 0x000001D3C0E32DB0>\n\n    @allure.title(\"test_Credkart_login_excel_ddt_004\")\n    @allure.severity(allure.severity_level.CRITICAL)\n    @allure.epic(\"Epic: Userprofile: user login DDT\")\n    @allure.description(\"This testcases is to validate CredKart website user login\")\n    @allure.link(login_url)\n    @allure.issue(\"user login\")\n    @allure.story(\"CredKart : User login\")\n    @pytest.mark.smoke\n    @pytest.mark.flaky(reruns = 1, rerun_delay = 1)\n    #@pytest.mark.dependency(depends=[\"test_verify_Credkart_url_001\"])\n    @pytest.mark.order(4)\n    def test_Credkart_login_excel_ddt_004(self):\n        self.log.info(\"Testcase test_Credkart_login_excel_ddt_004 is started\")\n        self.lp = Login_Page_Class(self.driver) # login page class object and now we can access the methods\n        self.log.info(\"Reading data from excel\")\n        self.rows = Excel_methods.get_count_rows(self.excel_path, self.sheet_name)\n        self.log.info(f\"Number of rows in excel is {self.rows}\")\n    \n        result_list = []\n        for i in range(2,self.rows +1):\n            self.driver.get(self.login_url)\n            self.log.info(f\"Opening browser and getting {self.login_url}\")\n            self.email = Excel_methods.read_data_from_excel(self.excel_path, self.sheet_name,i, 2)\n            self.password = Excel_methods.read_data_from_excel(self.excel_path, self.sheet_name,i, 3)\n            self.expected_result = Excel_methods.read_data_from_excel(self.excel_path, self.sheet_name,i, 4)\n    \n            self.log.info(f\"Entering the Email {self.email}\")\n>           self.lp.Enter_Email(self.email)\n\ntestCases\\test_Credkart_Login_Excel_002.py:49: \n_ _ _ _ _ _ _ _ _ _ _ _ _ _ _ _ _ _ _ _ _ _ _ _ _ _ _ _ _ _ _ _ _ _ _ _ _ _ _ _\npageObjects\\Login_Page.py:17: in Enter_Email\n    self.driver.find_element(By.ID, self.text_email_id).send_keys(email)\n    ^^^^^^^^^^^^^^^^^^^^^^^^^^^^^^^^^^^^^^^^^^^^^^^^^^^\n.venv\\Lib\\site-packages\\selenium\\webdriver\\remote\\webdriver.py:802: in find_element\n    return self.execute(Command.FIND_ELEMENT, {\"using\": by, \"value\": value})[\"value\"]\n           ^^^^^^^^^^^^^^^^^^^^^^^^^^^^^^^^^^^^^^^^^^^^^^^^^^^^^^^^^^^^^^^^^\n.venv\\Lib\\site-packages\\selenium\\webdriver\\remote\\webdriver.py:432: in execute\n    self.error_handler.check_response(response)\n_ _ _ _ _ _ _ _ _ _ _ _ _ _ _ _ _ _ _ _ _ _ _ _ _ _ _ _ _ _ _ _ _ _ _ _ _ _ _ _\n\nself = <selenium.webdriver.remote.errorhandler.ErrorHandler object at 0x000001D3C0D297F0>\nresponse = {'status': 404, 'value': '{\"value\":{\"error\":\"no such element\",\"message\":\"no such element: Unable to locate element: {\\...ff781bbf4dc\\\\n\\\\t0x7ff781ba3e54\\\\n\\\\t0x7ff781ba4006\\\\n\\\\t0x7ff781b89e27\\\\n\\\\t0x7ff85b90e8d7\\\\n\\\\t0x7ff85ceac53c\\\\n\"}}'}\n\n    def check_response(self, response: dict[str, Any]) -> None:\n        \"\"\"Check that a JSON response from the WebDriver does not have an error.\n    \n        Args:\n            response: The JSON response from the WebDriver server as a dictionary\n                object.\n    \n        Raises:\n            WebDriverException: If the response contains an error message.\n        \"\"\"\n        status = response.get(\"status\", None)\n        if not status or status == ErrorCode.SUCCESS:\n            return\n        value = None\n        message = response.get(\"message\", \"\")\n        screen: str = response.get(\"screen\", \"\")\n        stacktrace = None\n        if isinstance(status, int):\n            value_json = response.get(\"value\", None)\n            if value_json and isinstance(value_json, str):\n                try:\n                    value = json.loads(value_json)\n                    if isinstance(value, dict):\n                        if len(value) == 1:\n                            value = value[\"value\"]\n                        status = value.get(\"error\", None)\n                        if not status:\n                            status = value.get(\"status\", ErrorCode.UNKNOWN_ERROR)\n                            message = value.get(\"value\") or value.get(\"message\")\n                            if not isinstance(message, str):\n                                value = message\n                                message = message.get(\"message\") if isinstance(message, dict) else None\n                        else:\n                            message = value.get(\"message\", None)\n                except ValueError:\n                    pass\n    \n        exception_class: type[WebDriverException]\n        e = ErrorCode()\n        error_codes = [item for item in dir(e) if not item.startswith(\"__\")]\n        for error_code in error_codes:\n            error_info = getattr(ErrorCode, error_code)\n            if isinstance(error_info, list) and status in error_info:\n                exception_class = getattr(ExceptionMapping, error_code, WebDriverException)\n                break\n        else:\n            exception_class = WebDriverException\n    \n        if not value:\n            value = response[\"value\"]\n        if isinstance(value, str):\n            raise exception_class(value)\n        if message == \"\" and \"message\" in value:\n            message = value[\"message\"]\n    \n        screen = None  # type: ignore[assignment]\n        if \"screen\" in value:\n            screen = value[\"screen\"]\n    \n        stacktrace = None\n        st_value = value.get(\"stackTrace\") or value.get(\"stacktrace\")\n        if st_value:\n            if isinstance(st_value, str):\n                stacktrace = st_value.split(\"\\n\")\n            else:\n                stacktrace = []\n                try:\n                    for frame in st_value:\n                        line = frame.get(\"lineNumber\", \"\")\n                        file = frame.get(\"fileName\", \"<anonymous>\")\n                        if line:\n                            file = f\"{file}:{line}\"\n                        meth = frame.get(\"methodName\", \"<anonymous>\")\n                        if \"className\" in frame:\n                            meth = f\"{frame['className']}.{meth}\"\n                        msg = \"    at %s (%s)\"\n                        msg = msg % (meth, file)\n                        stacktrace.append(msg)\n                except TypeError:\n                    pass\n        if exception_class == UnexpectedAlertPresentException:\n            alert_text = None\n            if \"data\" in value:\n                alert_text = value[\"data\"].get(\"text\")\n            elif \"alert\" in value:\n                alert_text = value[\"alert\"].get(\"text\")\n            raise exception_class(message, screen, stacktrace, alert_text)  # type: ignore[call-arg]  # mypy is not smart enough here\n>       raise exception_class(message, screen, stacktrace)\nE       selenium.common.exceptions.NoSuchElementException: Message: no such element: Unable to locate element: {\"method\":\"css selector\",\"selector\":\"[id=\"email\"]\"}\nE         (Session info: chrome=144.0.7559.97); For documentation on this error, please visit: https://www.selenium.dev/documentation/webdriver/troubleshooting/errors#nosuchelementexception\nE       Stacktrace:\nE       Symbols not available. Dumping unresolved backtrace:\nE       \t0x7ff781b9a545\nE       \t0x7ff781b9a5a0\nE       \t0x7ff781940fed\nE       \t0x7ff78199c6d2\nE       \t0x7ff78199c9dc\nE       \t0x7ff7819ed5b7\nE       \t0x7ff7819ea10c\nE       \t0x7ff78198cedc\nE       \t0x7ff78198de23\nE       \t0x7ff781e78bb0\nE       \t0x7ff781e72fbd\nE       \t0x7ff781e9420a\nE       \t0x7ff781bb6e15\nE       \t0x7ff781bbf4dc\nE       \t0x7ff781ba3e54\nE       \t0x7ff781ba4006\nE       \t0x7ff781b89e27\nE       \t0x7ff85b90e8d7\nE       \t0x7ff85ceac53c\n\n.venv\\Lib\\site-packages\\selenium\\webdriver\\remote\\errorhandler.py:232: NoSuchElementException"}, "description": "This testcases is to validate CredKart website user login", "attachments": [{"name": "log", "source": "9dc928f4-23ef-474d-85ec-b923d014b668-attachment.txt", "type": "text/plain"}, {"name": "stdout", "source": "5518a727-29ae-4ad9-8081-a047a8227a27-attachment.txt", "type": "text/plain"}], "start": 1769739472768, "stop": 1769739478216, "uuid": "772a3084-8236-4177-ab1b-50aee32c7109", "historyId": "86bb355d5c3c71ca0c2a4661b6df34c0", "testCaseId": "86bb355d5c3c71ca0c2a4661b6df34c0", "fullName": "testCases.test_Credkart_Login_Excel_002.Test_User_Profile#test_Credkart_login_excel_ddt_004", "labels": [{"name": "epic", "value": "Epic: Userprofile: user login DDT"}, {"name": "severity", "value": "critical"}, {"name": "story", "value": "CredKart : User login"}, {"name": "tag", "value": "smoke"}, {"name": "parentSuite", "value": "testCases"}, {"name": "suite", "value": "test_Credkart_Login_Excel_002"}, {"name": "subSuite", "value": "Test_User_Profile"}, {"name": "host", "value": "Credence-Pc"}, {"name": "thread", "value": "14964-MainThread"}, {"name": "framework", "value": "pytest"}, {"name": "language", "value": "cpython3"}, {"name": "package", "value": "testCases.test_Credkart_Login_Excel_002"}], "links": [{"type": "issue", "url": "user login", "name": "user login"}, {"type": "link", "url": "https://automation.credence.in/login", "name": "https://automation.credence.in/login"}], "titlePath": ["testCases", "test_Credkart_Login_Excel_002.py", "Test_User_Profile"]}